<?xml version="1.0" encoding="UTF-8"?>
<!-- Generated by org.testng.reporters.JUnitReportReporter -->
<testsuite skipped="0" hostname="DESKTOP-R6IUJ9D" name="script.GetPrice" tests="1" failures="0" timestamp="12 Feb 2020 13:39:47 GMT" time="50.622" errors="0">
  <testcase name="comparePrice" time="50.622" classname="script.GetPrice"/>
</testsuite> <!-- script.GetPrice -->
