<?xml version="1.0" encoding="UTF-8"?>
<!-- Generated by org.testng.reporters.JUnitReportReporter -->
<testsuite skipped="0" hostname="DESKTOP-R6IUJ9D" name="script.amazon" tests="1" failures="0" timestamp="09 Feb 2020 17:57:16 GMT" time="36.818" errors="0">
  <testcase name="ComparePrice" time="36.818" classname="script.amazon"/>
</testsuite> <!-- script.amazon -->
