<?xml version="1.0" encoding="UTF-8"?>
<!-- Generated by org.testng.reporters.JUnitReportReporter -->
<testsuite skipped="0" hostname="DESKTOP-R6IUJ9D" name="script.GetPrice" tests="1" failures="0" timestamp="10 Feb 2020 14:09:11 GMT" time="47.024" errors="0">
  <testcase name="ComparePrice" time="47.024" classname="script.GetPrice"/>
</testsuite> <!-- script.GetPrice -->
