<?xml version="1.0" encoding="UTF-8"?>
<!-- Generated by org.testng.reporters.JUnitReportReporter -->
<testsuite skipped="0" hostname="DESKTOP-R6IUJ9D" name="script.TripAdvisor" tests="1" failures="0" timestamp="11 Feb 2020 07:23:48 GMT" time="45.736" errors="0">
  <testcase name="tripAdvisor" time="45.736" classname="script.TripAdvisor"/>
</testsuite> <!-- script.TripAdvisor -->
