<?xml version="1.0" encoding="UTF-8"?>
<!-- Generated by org.testng.reporters.JUnitReportReporter -->
<testsuite skipped="0" hostname="DESKTOP-R6IUJ9D" name="script.TripAdvisor" tests="1" failures="0" timestamp="10 Feb 2020 17:10:29 GMT" time="44.031" errors="0">
  <testcase name="tripAdvisor" time="44.031" classname="script.TripAdvisor"/>
</testsuite> <!-- script.TripAdvisor -->
